<?xml version="1.0" encoding="UTF-8"?>
<testsuite xmlns:xsi="http://www.w3.org/2001/XMLSchema-instance" xsi:noNamespaceSchemaLocation="https://maven.apache.org/surefire/maven-surefire-plugin/xsd/surefire-test-report.xsd" name="utils.TestHash" time="0" tests="3" errors="0" skipped="0" failures="0">
  <properties>
    <property name="awt.toolkit" value="sun.awt.X11.XToolkit"/>
    <property name="file.encoding.pkg" value="sun.io"/>
    <property name="java.specification.version" value="1.8"/>
    <property name="sun.cpu.isalist" value=""/>
    <property name="sun.jnu.encoding" value="UTF-8"/>
    <property name="java.class.path" value="/home/luke/documents/java/RaptorClient/target/test-classes:/home/luke/documents/java/RaptorClient/target/classes:/home/luke/.m2/repository/org/junit/jupiter/junit-jupiter-api/5.5.1/junit-jupiter-api-5.5.1.jar:/home/luke/.m2/repository/org/apiguardian/apiguardian-api/1.1.0/apiguardian-api-1.1.0.jar:/home/luke/.m2/repository/org/opentest4j/opentest4j/1.2.0/opentest4j-1.2.0.jar:/home/luke/.m2/repository/org/junit/platform/junit-platform-commons/1.5.1/junit-platform-commons-1.5.1.jar:/home/luke/.m2/repository/org/junit/jupiter/junit-jupiter-engine/5.5.1/junit-jupiter-engine-5.5.1.jar:/home/luke/.m2/repository/org/junit/platform/junit-platform-engine/1.5.1/junit-platform-engine-1.5.1.jar:"/>
    <property name="java.vm.vendor" value="Oracle Corporation"/>
    <property name="sun.arch.data.model" value="64"/>
    <property name="java.vendor.url" value="http://java.oracle.com/"/>
    <property name="user.timezone" value=""/>
    <property name="java.vm.specification.version" value="1.8"/>
    <property name="os.name" value="Linux"/>
    <property name="user.country" value="GB"/>
    <property name="sun.java.launcher" value="SUN_STANDARD"/>
    <property name="sun.boot.library.path" value="/usr/lib/jvm/java-8-openjdk/jre/lib/amd64"/>
    <property name="sun.java.command" value="/home/luke/documents/java/RaptorClient/target/surefire/surefirebooter9005550780583692134.jar /home/luke/documents/java/RaptorClient/target/surefire 2019-09-07T13-54-51_331-jvmRun1 surefire3046641085064310595tmp surefire_05274127489399607370tmp"/>
    <property name="surefire.test.class.path" value="/home/luke/documents/java/RaptorClient/target/test-classes:/home/luke/documents/java/RaptorClient/target/classes:/home/luke/.m2/repository/org/junit/jupiter/junit-jupiter-api/5.5.1/junit-jupiter-api-5.5.1.jar:/home/luke/.m2/repository/org/apiguardian/apiguardian-api/1.1.0/apiguardian-api-1.1.0.jar:/home/luke/.m2/repository/org/opentest4j/opentest4j/1.2.0/opentest4j-1.2.0.jar:/home/luke/.m2/repository/org/junit/platform/junit-platform-commons/1.5.1/junit-platform-commons-1.5.1.jar:/home/luke/.m2/repository/org/junit/jupiter/junit-jupiter-engine/5.5.1/junit-jupiter-engine-5.5.1.jar:/home/luke/.m2/repository/org/junit/platform/junit-platform-engine/1.5.1/junit-platform-engine-1.5.1.jar:"/>
    <property name="sun.cpu.endian" value="little"/>
    <property name="user.home" value="/home/luke"/>
    <property name="user.language" value="en"/>
    <property name="java.specification.vendor" value="Oracle Corporation"/>
    <property name="java.home" value="/usr/lib/jvm/java-8-openjdk/jre"/>
    <property name="basedir" value="/home/luke/documents/java/RaptorClient"/>
    <property name="file.separator" value="/"/>
    <property name="line.separator" value="&#10;"/>
    <property name="java.vm.specification.vendor" value="Oracle Corporation"/>
    <property name="java.specification.name" value="Java Platform API Specification"/>
    <property name="java.awt.graphicsenv" value="sun.awt.X11GraphicsEnvironment"/>
    <property name="surefire.real.class.path" value="/home/luke/documents/java/RaptorClient/target/surefire/surefirebooter9005550780583692134.jar"/>
    <property name="sun.boot.class.path" value="/usr/lib/jvm/java-8-openjdk/jre/lib/resources.jar:/usr/lib/jvm/java-8-openjdk/jre/lib/rt.jar:/usr/lib/jvm/java-8-openjdk/jre/lib/sunrsasign.jar:/usr/lib/jvm/java-8-openjdk/jre/lib/jsse.jar:/usr/lib/jvm/java-8-openjdk/jre/lib/jce.jar:/usr/lib/jvm/java-8-openjdk/jre/lib/charsets.jar:/usr/lib/jvm/java-8-openjdk/jre/lib/jfr.jar:/usr/lib/jvm/java-8-openjdk/jre/classes"/>
    <property name="sun.management.compiler" value="HotSpot 64-Bit Tiered Compilers"/>
    <property name="java.runtime.version" value="1.8.0_212-b01"/>
    <property name="user.name" value="luke"/>
    <property name="path.separator" value=":"/>
    <property name="os.version" value="5.1.5-arch1-2-ARCH"/>
    <property name="java.endorsed.dirs" value="/usr/lib/jvm/java-8-openjdk/jre/lib/endorsed"/>
    <property name="java.runtime.name" value="OpenJDK Runtime Environment"/>
    <property name="file.encoding" value="UTF-8"/>
    <property name="java.vm.name" value="OpenJDK 64-Bit Server VM"/>
    <property name="localRepository" value="/home/luke/.m2/repository"/>
    <property name="java.vendor.url.bug" value="http://bugreport.sun.com/bugreport/"/>
    <property name="java.io.tmpdir" value="/tmp"/>
    <property name="java.version" value="1.8.0_212"/>
    <property name="user.dir" value="/home/luke/documents/java/RaptorClient"/>
    <property name="os.arch" value="amd64"/>
    <property name="java.vm.specification.name" value="Java Virtual Machine Specification"/>
    <property name="java.awt.printerjob" value="sun.print.PSPrinterJob"/>
    <property name="idea.version2019.1.3" value="true"/>
    <property name="sun.os.patch.level" value="unknown"/>
    <property name="java.library.path" value="/usr/java/packages/lib/amd64:/usr/lib64:/lib64:/lib:/usr/lib"/>
    <property name="java.vm.info" value="mixed mode"/>
    <property name="java.vendor" value="Oracle Corporation"/>
    <property name="java.vm.version" value="25.212-b01"/>
    <property name="java.ext.dirs" value="/usr/lib/jvm/java-8-openjdk/jre/lib/ext:/usr/java/packages/lib/ext"/>
    <property name="sun.io.unicode.encoding" value="UnicodeLittle"/>
    <property name="java.class.version" value="52.0"/>
  </properties>
  <testcase name="getName" classname="utils.TestHash" time="0"/>
  <testcase name="main" classname="utils.TestHash" time="0"/>
  <testcase name="checksum" classname="utils.TestHash" time="0"/>
</testsuite>